<?xml version="1.0" encoding="UTF-8"?>
<!-- Generated by org.testng.reporters.JUnitXMLReporter -->
<testsuite ignored="0" hostname="DESKTOP-BLMAGRG" failures="0" tests="2" name="Command line test" time="14.438" errors="0" timestamp="2024-11-11T17:07:14 EET">
  <testcase classname="com.saucedemo.testcases.AddToCartTest" name="ShouldBeAbleToAddToCart" time="4.049"/>
  <testcase classname="com.saucedemo.testcases.LoginTest" name="ShouldBeAbleToLoginWithUsernameAndPassword" time="2.248"/>
</testsuite> <!-- Command line test -->
