<?xml version="1.0" encoding="UTF-8"?>
<testng-results ignored="0" total="2" passed="2" failed="0" skipped="0">
  <reporter-output>
  </reporter-output>
  <suite started-at="2024-11-11T17:07:00 EET" name="Command line suite" finished-at="2024-11-11T17:07:14 EET" duration-ms="14438">
    <groups>
    </groups>
    <test started-at="2024-11-11T17:07:00 EET" name="Command line test" finished-at="2024-11-11T17:07:14 EET" duration-ms="14438">
      <class name="com.saucedemo.testcases.LoginTest">
        <test-method is-config="true" signature="setup()[pri:0, instance:com.saucedemo.testcases.LoginTest@1dac5ef]" started-at="2024-11-11T17:07:09 EET" name="setup" finished-at="2024-11-11T17:07:11 EET" duration-ms="2220" status="PASS">
          <reporter-output>
          </reporter-output>
        </test-method> <!-- setup -->
        <test-method signature="ShouldBeAbleToLoginWithUsernameAndPassword()[pri:0, instance:com.saucedemo.testcases.LoginTest@1dac5ef]" started-at="2024-11-11T17:07:11 EET" name="ShouldBeAbleToLoginWithUsernameAndPassword" description="test the functionality of login" finished-at="2024-11-11T17:07:13 EET" duration-ms="2248" status="PASS">
          <reporter-output>
          </reporter-output>
        </test-method> <!-- ShouldBeAbleToLoginWithUsernameAndPassword -->
        <test-method is-config="true" signature="teardown()[pri:0, instance:com.saucedemo.testcases.LoginTest@1dac5ef]" started-at="2024-11-11T17:07:13 EET" name="teardown" finished-at="2024-11-11T17:07:14 EET" duration-ms="701" status="PASS">
          <reporter-output>
          </reporter-output>
        </test-method> <!-- teardown -->
      </class> <!-- com.saucedemo.testcases.LoginTest -->
      <class name="com.saucedemo.testcases.AddToCartTest">
        <test-method is-config="true" signature="setup()[pri:0, instance:com.saucedemo.testcases.AddToCartTest@77f80c04]" started-at="2024-11-11T17:07:00 EET" name="setup" finished-at="2024-11-11T17:07:04 EET" duration-ms="4226" status="PASS">
          <reporter-output>
          </reporter-output>
        </test-method> <!-- setup -->
        <test-method signature="ShouldBeAbleToAddToCart()[pri:0, instance:com.saucedemo.testcases.AddToCartTest@77f80c04]" started-at="2024-11-11T17:07:04 EET" name="ShouldBeAbleToAddToCart" finished-at="2024-11-11T17:07:08 EET" duration-ms="4049" status="PASS">
          <reporter-output>
          </reporter-output>
        </test-method> <!-- ShouldBeAbleToAddToCart -->
        <test-method is-config="true" signature="teardown()[pri:0, instance:com.saucedemo.testcases.AddToCartTest@77f80c04]" started-at="2024-11-11T17:07:08 EET" name="teardown" finished-at="2024-11-11T17:07:09 EET" duration-ms="917" status="PASS">
          <reporter-output>
          </reporter-output>
        </test-method> <!-- teardown -->
      </class> <!-- com.saucedemo.testcases.AddToCartTest -->
    </test> <!-- Command line test -->
  </suite> <!-- Command line suite -->
</testng-results>
